<?xml version="1.0" encoding="UTF-8"?>
<!-- Generated by org.testng.reporters.JUnitReportReporter -->
<testsuite hostname="HVNLT003" failures="0" tests="4" name="quang.doan.demo.DemoRealTimePlugin" time="40.068" errors="0" timestamp="04 Dec 2017 08:34:51 GMT" skipped="0">
  <testcase classname="quang.doan.demo.DemoRealTimePlugin" name="Test4" time="10.015"/>
  <testcase classname="quang.doan.demo.DemoRealTimePlugin" name="Test1" time="10.024"/>
  <testcase classname="quang.doan.demo.DemoRealTimePlugin" name="Test2" time="10.015"/>
  <testcase classname="quang.doan.demo.DemoRealTimePlugin" name="Test3" time="10.014"/>
</testsuite> <!-- quang.doan.demo.DemoRealTimePlugin -->
