<?xml version="1.0" encoding="UTF-8"?>
<!-- Generated by org.testng.reporters.JUnitReportReporter -->
<testsuite hostname="HVNLT003" failures="0" tests="4" name="quang.doan.demo.DemoRealTimePluginTest" time="100.021" errors="0" timestamp="04 Dec 2017 09:48:46 GMT" skipped="0">
  <testcase classname="quang.doan.demo.DemoRealTimePluginTest" name="Test1" time="10.017"/>
  <testcase classname="quang.doan.demo.DemoRealTimePluginTest" name="Test2" time="20.005"/>
  <testcase classname="quang.doan.demo.DemoRealTimePluginTest" name="Test4" time="39.997"/>
  <testcase classname="quang.doan.demo.DemoRealTimePluginTest" name="Test3" time="30.002"/>
</testsuite> <!-- quang.doan.demo.DemoRealTimePluginTest -->
